<?xml version="1.0" encoding="UTF-8" ?>
<testsuite failures="0" time="0.014" errors="0" skipped="0" tests="1" name="org.bigdiff.AppTest">
  <properties>
    <property name="java.runtime.name" value="Java(TM) SE Runtime Environment"/>
    <property name="sun.boot.library.path" value="/Library/Java/JavaVirtualMachines/jdk1.7.0_51.jdk/Contents/Home/jre/lib"/>
    <property name="java.vm.version" value="24.51-b03"/>
    <property name="gopherProxySet" value="false"/>
    <property name="java.vm.vendor" value="Oracle Corporation"/>
    <property name="java.vendor.url" value="http://java.oracle.com/"/>
    <property name="path.separator" value=":"/>
    <property name="java.vm.name" value="Java HotSpot(TM) 64-Bit Server VM"/>
    <property name="file.encoding.pkg" value="sun.io"/>
    <property name="user.country" value="US"/>
    <property name="sun.java.launcher" value="SUN_STANDARD"/>
    <property name="sun.os.patch.level" value="unknown"/>
    <property name="java.vm.specification.name" value="Java Virtual Machine Specification"/>
    <property name="user.dir" value="/Users/Khalid/git/appsrepo/ui-graphml"/>
    <property name="java.runtime.version" value="1.7.0_51-b13"/>
    <property name="java.awt.graphicsenv" value="sun.awt.CGraphicsEnvironment"/>
    <property name="basedir" value="/Users/Khalid/git/appsrepo/ui-graphml"/>
    <property name="java.endorsed.dirs" value="/Library/Java/JavaVirtualMachines/jdk1.7.0_51.jdk/Contents/Home/jre/lib/endorsed"/>
    <property name="os.arch" value="x86_64"/>
    <property name="surefire.real.class.path" value="/Users/Khalid/git/appsrepo/ui-graphml/target/surefire/surefirebooter3141949636390191944.jar"/>
    <property name="java.io.tmpdir" value="/var/folders/zz/32t8f1vn1pb6996sgngxcrxw0000gn/T/"/>
    <property name="line.separator" value="
"/>
    <property name="java.vm.specification.vendor" value="Oracle Corporation"/>
    <property name="os.name" value="Mac OS X"/>
    <property name="sun.jnu.encoding" value="UTF-8"/>
    <property name="java.library.path" value="/Users/Khalid/Library/Java/Extensions:/Library/Java/Extensions:/Network/Library/Java/Extensions:/System/Library/Java/Extensions:/usr/lib/java:."/>
    <property name="surefire.test.class.path" value="/Users/Khalid/git/appsrepo/ui-graphml/target/test-classes:/Users/Khalid/git/appsrepo/ui-graphml/target/classes:/Users/Khalid/.m2/repository/org/yaml/snakeyaml/1.14/snakeyaml-1.14.jar:/Users/Khalid/.m2/repository/commons-io/commons-io/2.4/commons-io-2.4.jar:/Users/Khalid/.m2/repository/commons-cli/commons-cli/1.2/commons-cli-1.2.jar:/Users/Khalid/.m2/repository/ch/qos/logback/logback-classic/1.1.2/logback-classic-1.1.2.jar:/Users/Khalid/.m2/repository/ch/qos/logback/logback-core/1.1.2/logback-core-1.1.2.jar:/Users/Khalid/.m2/repository/org/slf4j/slf4j-api/1.7.6/slf4j-api-1.7.6.jar:/Users/Khalid/.m2/repository/com/google/guava/guava/18.0/guava-18.0.jar:/Users/Khalid/.m2/repository/org/apache/commons/commons-lang3/3.3.2/commons-lang3-3.3.2.jar:/Users/Khalid/.m2/repository/junit/junit/3.8.1/junit-3.8.1.jar:"/>
    <property name="java.specification.name" value="Java Platform API Specification"/>
    <property name="java.class.version" value="51.0"/>
    <property name="sun.management.compiler" value="HotSpot 64-Bit Tiered Compilers"/>
    <property name="os.version" value="10.7.5"/>
    <property name="http.nonProxyHosts" value="local|*.local|169.254/16|*.169.254/16"/>
    <property name="user.home" value="/Users/Khalid"/>
    <property name="user.timezone" value=""/>
    <property name="java.awt.printerjob" value="sun.lwawt.macosx.CPrinterJob"/>
    <property name="java.specification.version" value="1.7"/>
    <property name="file.encoding" value="UTF-8"/>
    <property name="user.name" value="Khalid"/>
    <property name="java.class.path" value="/Users/Khalid/git/appsrepo/ui-graphml/target/test-classes:/Users/Khalid/git/appsrepo/ui-graphml/target/classes:/Users/Khalid/.m2/repository/org/yaml/snakeyaml/1.14/snakeyaml-1.14.jar:/Users/Khalid/.m2/repository/commons-io/commons-io/2.4/commons-io-2.4.jar:/Users/Khalid/.m2/repository/commons-cli/commons-cli/1.2/commons-cli-1.2.jar:/Users/Khalid/.m2/repository/ch/qos/logback/logback-classic/1.1.2/logback-classic-1.1.2.jar:/Users/Khalid/.m2/repository/ch/qos/logback/logback-core/1.1.2/logback-core-1.1.2.jar:/Users/Khalid/.m2/repository/org/slf4j/slf4j-api/1.7.6/slf4j-api-1.7.6.jar:/Users/Khalid/.m2/repository/com/google/guava/guava/18.0/guava-18.0.jar:/Users/Khalid/.m2/repository/org/apache/commons/commons-lang3/3.3.2/commons-lang3-3.3.2.jar:/Users/Khalid/.m2/repository/junit/junit/3.8.1/junit-3.8.1.jar:"/>
    <property name="java.vm.specification.version" value="1.7"/>
    <property name="sun.arch.data.model" value="64"/>
    <property name="java.home" value="/Library/Java/JavaVirtualMachines/jdk1.7.0_51.jdk/Contents/Home/jre"/>
    <property name="sun.java.command" value="/Users/Khalid/git/appsrepo/ui-graphml/target/surefire/surefirebooter3141949636390191944.jar /Users/Khalid/git/appsrepo/ui-graphml/target/surefire/surefire902927441018498280tmp /Users/Khalid/git/appsrepo/ui-graphml/target/surefire/surefire1093780115347172434tmp"/>
    <property name="java.specification.vendor" value="Oracle Corporation"/>
    <property name="user.language" value="en"/>
    <property name="awt.toolkit" value="sun.lwawt.macosx.LWCToolkit"/>
    <property name="java.vm.info" value="mixed mode"/>
    <property name="java.version" value="1.7.0_51"/>
    <property name="java.ext.dirs" value="/Users/Khalid/Library/Java/Extensions:/Library/Java/JavaVirtualMachines/jdk1.7.0_51.jdk/Contents/Home/jre/lib/ext:/Library/Java/Extensions:/Network/Library/Java/Extensions:/System/Library/Java/Extensions:/usr/lib/java"/>
    <property name="sun.boot.class.path" value="/Library/Java/JavaVirtualMachines/jdk1.7.0_51.jdk/Contents/Home/jre/lib/resources.jar:/Library/Java/JavaVirtualMachines/jdk1.7.0_51.jdk/Contents/Home/jre/lib/rt.jar:/Library/Java/JavaVirtualMachines/jdk1.7.0_51.jdk/Contents/Home/jre/lib/sunrsasign.jar:/Library/Java/JavaVirtualMachines/jdk1.7.0_51.jdk/Contents/Home/jre/lib/jsse.jar:/Library/Java/JavaVirtualMachines/jdk1.7.0_51.jdk/Contents/Home/jre/lib/jce.jar:/Library/Java/JavaVirtualMachines/jdk1.7.0_51.jdk/Contents/Home/jre/lib/charsets.jar:/Library/Java/JavaVirtualMachines/jdk1.7.0_51.jdk/Contents/Home/jre/lib/jfr.jar:/Library/Java/JavaVirtualMachines/jdk1.7.0_51.jdk/Contents/Home/jre/classes"/>
    <property name="java.vendor" value="Oracle Corporation"/>
    <property name="localRepository" value="/Users/Khalid/.m2/repository"/>
    <property name="file.separator" value="/"/>
    <property name="java.vendor.url.bug" value="http://bugreport.sun.com/bugreport/"/>
    <property name="sun.cpu.endian" value="little"/>
    <property name="sun.io.unicode.encoding" value="UnicodeBig"/>
    <property name="socksNonProxyHosts" value="local|*.local|169.254/16|*.169.254/16"/>
    <property name="ftp.nonProxyHosts" value="local|*.local|169.254/16|*.169.254/16"/>
    <property name="sun.cpu.isalist" value=""/>
  </properties>
  <testcase time="0.002" classname="org.bigdiff.AppTest" name="testApp"/>
</testsuite>